To honour the JVM settings for this build a single-use Daemon process will be forked. For more on this, please refer to https://docs.gradle.org/9.4.0-milestone-3/userguide/gradle_daemon.html#sec:disabling_the_daemon in the Gradle documentation.
Daemon will be stopped at the end of the build 

> Configure project :app
WARNING: The option setting 'android.disallowKotlinSourceSets=false' is experimental.
The current default is 'true'.
WARNING: The option setting 'android.newDsl=false' is deprecated.
The current default is 'true'.
It will be removed in version 10.0 of the Android Gradle plugin.

> Task :build-logic:checkKotlinGradlePluginConfigurationErrors SKIPPED
> Task :build-logic:compileKotlin UP-TO-DATE
> Task :build-logic:compileJava NO-SOURCE
> Task :build-logic:pluginDescriptors UP-TO-DATE
> Task :build-logic:processResources UP-TO-DATE
> Task :build-logic:classes UP-TO-DATE
> Task :build-logic:jar UP-TO-DATE

> Configure project :genesis:oracledrive:rootmanagement
w: file:///C:/GenesisOs-AOSP/genesis/oracledrive/rootmanagement/build.gradle.kts:5:1: 'fun Project.android(configure: Action<LibraryExtension>): Unit' is deprecated. Replaced by com.android.build.api.dsl.LibraryExtension.
This class is not used for the public extensions in AGP when android.newDsl=true, which is the default in AGP 9.0, and will be removed in AGP 10.0.

> Task :genesis:oracledrive:preBuild UP-TO-DATE
> Task :genesis:oracledrive:preDebugBuild UP-TO-DATE
> Task :genesis:oracledrive:processDebugNavigationResources FROM-CACHE
> Task :app:preBuild UP-TO-DATE
> Task :app:preDebugBuild UP-TO-DATE
> Task :app:mergeDebugNativeDebugMetadata NO-SOURCE
> Task :app:generateDebugBuildConfig FROM-CACHE
> Task :app:generateDebugResources FROM-CACHE
> Task :app:injectCrashlyticsMappingFileIdDebug
> Task :app:injectCrashlyticsVersionControlInfoDebug FROM-CACHE
> Task :app:processDebugGoogleServices FROM-CACHE
> Task :app:packageDebugResources FROM-CACHE
> Task :agents:growthmetrics:identity:preBuild UP-TO-DATE
> Task :agents:growthmetrics:identity:preDebugBuild UP-TO-DATE
> Task :agents:growthmetrics:metareflection:preBuild UP-TO-DATE
> Task :agents:growthmetrics:metareflection:preDebugBuild UP-TO-DATE
> Task :agents:growthmetrics:identity:processDebugNavigationResources FROM-CACHE
> Task :agents:growthmetrics:metareflection:processDebugNavigationResources FROM-CACHE
> Task :agents:growthmetrics:nexusmemory:preBuild UP-TO-DATE
> Task :agents:growthmetrics:progression:preBuild UP-TO-DATE
> Task :agents:growthmetrics:progression:preDebugBuild UP-TO-DATE
> Task :agents:growthmetrics:nexusmemory:preDebugBuild UP-TO-DATE
> Task :agents:growthmetrics:progression:processDebugNavigationResources FROM-CACHE
> Task :agents:growthmetrics:nexusmemory:processDebugNavigationResources FROM-CACHE
> Task :agents:growthmetrics:spheregrid:preBuild UP-TO-DATE
> Task :agents:growthmetrics:tasker:preBuild UP-TO-DATE
> Task :agents:growthmetrics:spheregrid:preDebugBuild UP-TO-DATE
> Task :agents:growthmetrics:tasker:preDebugBuild UP-TO-DATE
> Task :agents:growthmetrics:spheregrid:processDebugNavigationResources FROM-CACHE
> Task :agents:growthmetrics:tasker:processDebugNavigationResources FROM-CACHE
> Task :aura:reactivedesign:auraslab:preBuild UP-TO-DATE
> Task :aura:reactivedesign:chromacore:preBuild UP-TO-DATE
> Task :aura:reactivedesign:auraslab:preDebugBuild UP-TO-DATE
> Task :aura:reactivedesign:chromacore:preDebugBuild UP-TO-DATE
> Task :aura:reactivedesign:auraslab:processDebugNavigationResources FROM-CACHE
> Task :aura:reactivedesign:collabcanvas:preBuild UP-TO-DATE
> Task :aura:reactivedesign:collabcanvas:preDebugBuild UP-TO-DATE
> Task :aura:reactivedesign:chromacore:processDebugNavigationResources FROM-CACHE
> Task :aura:reactivedesign:customization:preBuild UP-TO-DATE
> Task :aura:reactivedesign:customization:preDebugBuild UP-TO-DATE
> Task :aura:reactivedesign:collabcanvas:processDebugNavigationResources FROM-CACHE
> Task :cascade:datastream:delivery:preBuild UP-TO-DATE
> Task :aura:reactivedesign:customization:processDebugNavigationResources FROM-CACHE
> Task :cascade:datastream:delivery:preDebugBuild UP-TO-DATE
> Task :cascade:datastream:routing:preBuild UP-TO-DATE
> Task :cascade:datastream:routing:preDebugBuild UP-TO-DATE
> Task :cascade:datastream:delivery:processDebugNavigationResources FROM-CACHE
> Task :cascade:datastream:routing:processDebugNavigationResources FROM-CACHE
> Task :cascade:datastream:taskmanager:preBuild UP-TO-DATE
> Task :genesis:oracledrive:datavein:preBuild UP-TO-DATE
> Task :cascade:datastream:taskmanager:preDebugBuild UP-TO-DATE
> Task :genesis:oracledrive:datavein:preDebugBuild UP-TO-DATE
> Task :cascade:datastream:taskmanager:processDebugNavigationResources FROM-CACHE
> Task :genesis:oracledrive:rootmanagement:preBuild UP-TO-DATE
> Task :genesis:oracledrive:rootmanagement:preDebugBuild UP-TO-DATE
> Task :genesis:oracledrive:datavein:processDebugNavigationResources FROM-CACHE
> Task :kai:sentinelsfortress:security:preBuild UP-TO-DATE
> Task :kai:sentinelsfortress:security:preDebugBuild UP-TO-DATE
> Task :genesis:oracledrive:rootmanagement:processDebugNavigationResources FROM-CACHE
> Task :kai:sentinelsfortress:systemintegrity:preBuild UP-TO-DATE
> Task :kai:sentinelsfortress:systemintegrity:preDebugBuild UP-TO-DATE
> Task :kai:sentinelsfortress:security:processDebugNavigationResources FROM-CACHE
> Task :kai:sentinelsfortress:threatmonitor:preBuild UP-TO-DATE
> Task :kai:sentinelsfortress:threatmonitor:preDebugBuild UP-TO-DATE
> Task :kai:sentinelsfortress:systemintegrity:processDebugNavigationResources FROM-CACHE
> Task :kai:sentinelsfortress:threatmonitor:processDebugNavigationResources FROM-CACHE
> Task :genesis:oracledrive:generateDebugResources FROM-CACHE
> Task :genesis:oracledrive:packageDebugResources FROM-CACHE
> Task :genesis:oracledrive:parseDebugLocalResources FROM-CACHE
> Task :genesis:oracledrive:generateDebugRFile FROM-CACHE
> Task :genesis:oracledrive:compileDebugAidl NO-SOURCE
> Task :genesis:oracledrive:generateDebugBuildConfig FROM-CACHE
> Task :genesis:oracledrive:kspDebugKotlin UP-TO-DATE
> Task :app:processDebugNavigationResources FROM-CACHE
> Task :app:parseDebugLocalResources FROM-CACHE
> Task :app:generateDebugRFile FROM-CACHE
> Task :agents:growthmetrics:identity:generateDebugResources FROM-CACHE
> Task :agents:growthmetrics:identity:packageDebugResources FROM-CACHE
> Task :agents:growthmetrics:identity:parseDebugLocalResources FROM-CACHE
> Task :agents:growthmetrics:identity:generateDebugRFile FROM-CACHE
> Task :agents:growthmetrics:identity:compileDebugAidl NO-SOURCE
> Task :agents:growthmetrics:identity:generateDebugBuildConfig
> Task :genesis:oracledrive:compileDebugKotlin
> Task :agents:growthmetrics:identity:kspDebugKotlin
> Task :genesis:oracledrive:javaPreCompileDebug FROM-CACHE
> Task :genesis:oracledrive:compileDebugJavaWithJavac FROM-CACHE
> Task :genesis:oracledrive:transformDebugClassesWithAsm FROM-CACHE
> Task :genesis:oracledrive:bundleLibCompileToJarDebug
> Task :agents:growthmetrics:identity:javaPreCompileDebug FROM-CACHE
> Task :agents:growthmetrics:metareflection:generateDebugResources FROM-CACHE
> Task :agents:growthmetrics:metareflection:packageDebugResources FROM-CACHE
> Task :agents:growthmetrics:metareflection:parseDebugLocalResources FROM-CACHE
> Task :agents:growthmetrics:metareflection:generateDebugRFile FROM-CACHE
> Task :agents:growthmetrics:metareflection:compileDebugAidl NO-SOURCE
> Task :agents:growthmetrics:metareflection:generateDebugBuildConfig
> Task :agents:growthmetrics:metareflection:kspDebugKotlin
> Task :agents:growthmetrics:metareflection:compileDebugKotlin NO-SOURCE
> Task :agents:growthmetrics:metareflection:javaPreCompileDebug FROM-CACHE
> Task :agents:growthmetrics:metareflection:compileDebugJavaWithJavac

> Task :agents:growthmetrics:identity:compileDebugKotlin
.\gradlew : e: org.jetbrains.
kotlin.fir.pipeline.IrGenerat
ionExtensionException: The 
Compose Compiler requires 
the Compose Runtime to be on 
the class path, but none 
could be found. The compose 
compiler plugin you are 
using expects a minimum 
runtime version of 1.0.0.
At line:1 char:36
+ ... dlew clean; .\gradlew 
:app:assembleDebug 
--max-workers=2 --console=pl 
...
+                 ~~~~~~~~~~~
~~~~~~~~~~~~~~~~~~~~~~~~~~~~~
~~~~~~~~~~~~~~~~~
    + CategoryInfo           
   : NotSpecified: (e: org.  
  jetbrain...rsion of 1.0.   
 0.:String) [], RemoteExc    
eption
    + FullyQualifiedErrorId  
   : NativeCommandError
 
	at org.jetbrains.kotlin.fir.
pipeline.Fir2IrPipeline.apply
IrGenerationExtensions(conver
tToIr.kt:577)
	at org.jetbrains.kotlin.fir.
pipeline.Fir2IrPipeline.runAc
tualizationPipeline(convertTo
Ir.kt:279)
	at org.jetbrains.kotlin.fir.
pipeline.Fir2IrPipeline.conve
rtToIrAndActualize(convertToI
r.kt:150)
	at org.jetbrains.kotlin.fir.
pipeline.ConvertToIrKt.conver
tToIrAndActualize(convertToIr
.kt:115)
	at org.jetbrains.kotlin.fir.
pipeline.ConvertToIrKt.conver
tToIrAndActualize$default(con
vertToIr.kt:88)
	at org.jetbrains.kotlin.cli.
jvm.compiler.legacy.pipeline.
JvmCompilerPipelineKt.convert
ToIrAndActualizeForJvm(jvmCom
pilerPipeline.kt:100)
	at org.jetbrains.kotlin.cli.
pipeline.jvm.JvmFir2IrPipelin
ePhase.executePhase(JvmFir2Ir
PipelinePhase.kt:30)
	at org.jetbrains.kotlin.cli.
pipeline.jvm.JvmFir2IrPipelin
ePhase.executePhase(JvmFir2Ir
PipelinePhase.kt:25)
	at org.jetbrains.kotlin.cli.
pipeline.jvm.JvmFir2IrPipelin
ePhase.executePhase(JvmFir2Ir
PipelinePhase.kt:19)
	at org.jetbrains.kotlin.cli.
pipeline.PipelinePhase.phaseB
ody(PipelinePhase.kt:68)
	at org.jetbrains.kotlin.cli.
pipeline.PipelinePhase.phaseB
ody(PipelinePhase.kt:58)
	at org.jetbrains.kotlin.conf
ig.phaser.NamedCompilerPhase.
invoke(CompilerPhase.kt:102)
	at org.jetbrains.kotlin.back
end.common.phaser.CompositePh
ase.invoke(PhaseBuilders.kt:2
2)
	at org.jetbrains.kotlin.conf
ig.phaser.CompilerPhaseKt.inv
okeToplevel(CompilerPhase.kt:
53)
	at org.jetbrains.kotlin.cli.
pipeline.AbstractCliPipeline.
runPhasedPipeline(AbstractCli
Pipeline.kt:109)
	at org.jetbrains.kotlin.cli.
pipeline.AbstractCliPipeline.
execute(AbstractCliPipeline.k
t:68)
	at org.jetbrains.kotlin.cli.
jvm.K2JVMCompiler.doExecutePh
ased(K2JVMCompiler.kt:51)
	at org.jetbrains.kotlin.cli.
jvm.K2JVMCompiler.doExecutePh
ased(K2JVMCompiler.kt:42)
	at org.jetbrains.kotlin.cli.
common.CLICompiler.execImpl(C
LICompiler.kt:89)
	at org.jetbrains.kotlin.cli.
common.CLICompiler.exec(CLICo
mpiler.kt:359)
	at org.jetbrains.kotlin.daem
on.CompileServiceImpl.compile
(CompileServiceImpl.kt:1706)
	at java.base/jdk.internal.re
flect.DirectMethodHandleAcces
sor.invoke(DirectMethodHandle
Accessor.java:104)
	at java.base/java.lang.refle
ct.Method.invoke(Method.java:
565)
	at java.rmi/sun.rmi.server.U
nicastServerRef.dispatch(Unic
astServerRef.java:351)
	at java.rmi/sun.rmi.transpor
t.Transport.serviceCall(Trans
port.java:166)
	at java.rmi/sun.rmi.transpor
t.tcp.TCPTransport.handleMess
ages(TCPTransport.java:543)
	at java.rmi/sun.rmi.transpor
t.tcp.TCPTransport$Connection
Handler.run0(TCPTransport.jav
a:744)
	at java.rmi/sun.rmi.transpor
t.tcp.TCPTransport$Connection
Handler.run(TCPTransport.java
:623)
	at java.base/java.util.concu
rrent.ThreadPoolExecutor.runW
orker(ThreadPoolExecutor.java
:1090)
	at java.base/java.util.concu
rrent.ThreadPoolExecutor$Work
er.run(ThreadPoolExecutor.jav
a:614)
	at java.base/java.lang.Threa
d.run(Thread.java:1474)
Caused by: androidx.compose.c
ompiler.plugins.kotlin.Incomp
atibleComposeRuntimeVersionEx
ception: The Compose 
Compiler requires the 
Compose Runtime to be on the 
class path, but none could 
be found. The compose 
compiler plugin you are 
using expects a minimum 
runtime version of 1.0.0.
	at androidx.compose.compiler
.plugins.kotlin.VersionChecke
r.noRuntimeOnClasspathError(V
ersionChecker.kt:124)
	at androidx.compose.compiler
.plugins.kotlin.VersionChecke
r.check(VersionChecker.kt:96)
	at androidx.compose.compiler
.plugins.kotlin.ComposeIrGene
rationExtension.generate(Comp
oseIrGenerationExtension.kt:6
3)
	at org.jetbrains.kotlin.fir.
pipeline.Fir2IrPipeline.apply
IrGenerationExtensions(conver
tToIr.kt:571)
	... 30 more


> Task :agents:growthmetrics:identity:compileDebugKotlin FAILED
> Task :agents:growthmetrics:metareflection:transformDebugClassesWithAsm
Kotlin build report is written to file:///C:/GenesisOs-AOSP/build/reports/kotlin-build/aurakai-reactive-intelligence-build-2025-12-18-19-15-07-0.txt

FAILURE: Build failed with 
an exception.

* What went wrong:
Execution failed for task ':a
gents:growthmetrics:identity:
compileDebugKotlin'.
> A failure occurred while 
executing org.jetbrains.kotli
n.compilerRunner.GradleCompil
erRunnerWithWorkers$GradleKot
linCompilerWorkAction
   > Internal compiler 
error. See log for more 
details

* Try:
> Run with --stacktrace 
option to get the stack 
trace.
> Run with --info or --debug 
option to get more log 
output.
> Run with --scan to get 
full insights from a Build 
Scan (powered by Develocity).
> Get more help at 
https://help.gradle.org.

BUILD FAILED in 1m 46s
60 actionable tasks: 10 executed, 45 from cache, 5 up-to-date

